Arguments: 
  /home/paku/.nvm/versions/node/v14.4.0/bin/node /home/paku/.nvm/versions/node/v14.4.0/bin/yarn install

PATH: 
  /home/paku/.cargo/bin:/home/paku/.nvm/versions/node/v14.4.0/bin:/home/paku/.cargo/bin:/home/paku/.local/bin:/usr/local/sbin:/usr/local/bin:/usr/sbin:/usr/bin:/sbin:/bin:/usr/games:/usr/local/games:/snap/bin

Yarn version: 
  1.22.4

Node version: 
  14.4.0

Platform: 
  linux x64

Trace: 
  SyntaxError: /home/paku/Dev/bug-demo/package.json: Unexpected token } in JSON at position 878
      at JSON.parse (<anonymous>)
      at /home/paku/.nvm/versions/node/v14.4.0/lib/node_modules/yarn/lib/cli.js:1625:59
      at Generator.next (<anonymous>)
      at step (/home/paku/.nvm/versions/node/v14.4.0/lib/node_modules/yarn/lib/cli.js:310:30)
      at /home/paku/.nvm/versions/node/v14.4.0/lib/node_modules/yarn/lib/cli.js:321:13

npm manifest: 
  {
    "name": "tooru-ui",
    "version": "1.3.0",
    "private": true,
    "dependencies": {
      "@reduxjs/toolkit": "^1.3.5",
      "@testing-library/jest-dom": "^4.2.4",
      "@testing-library/react": "^10.0.4",
      "@testing-library/user-event": "^7.1.2",
      "@types/classnames": "^2.2.10",
      "@types/jest": "^25.2.1",
      "@types/node": "^13.13.5",
      "@types/react": "^16.9.34",
      "@types/react-dom": "^16.9.7",
      "@types/react-redux": "^7.1.7",
      "@types/react-router-dom": "^5.1.5",
      "@types/react-test-renderer": "^16.9.2",
      "@types/react-text-mask": "^5.4.6",
      "react": "^16.13.1",
      "react-dom": "^16.13.1",
      "react-hook-form": "^6.9.2",
      "react-i18next": "^11.4.0",
      "react-redux": "^7.2.0",
      "react-router-dom": "^5.1.2",
      "react-scripts": "3.4.1",
      "react-text-mask": "^5.4.3",
      "redux-thunk": "^2.3.0",
      "typescript": "~3.8.3",
    },
    "scripts": {
      "postinstall": "protoc --plugin=./node_modules/.bin/protoc-gen-ts_proto --ts_proto_out=./src/proto-holder ./proto/wire.proto",
      "prestart": "protoc --plugin=./node_modules/.bin/protoc-gen-ts_proto --ts_proto_out=./src/proto-holder ./proto/wire.proto",
      "start": "SKIP_PREFLIGHT_CHECK=true react-scripts start",
      "build": "SKIP_PREFLIGHT_CHECK=true react-scripts build",
      "test": "SKIP_PREFLIGHT_CHECK=true react-scripts test --env=jest-environment-jsdom-sixteen",
      "test-coverage": "SKIP_PREFLIGHT_CHECK=true react-scripts test --env=jest-environment-jsdom-sixteen --coverage --watchAll=false",
      "eject": "SKIP_PREFLIGHT_CHECK=true react-scripts eject",
      "lint": "eslint --ext .js,.jsx,.ts,.tsx src --color",
      "format": "prettier --write src/**/*.{ts,tsx,scss,css,json}",
      "scan-trans": "i18next-scanner --config i18next-scanner.config.js 'src/**/*.{ts,tsx}'",
      "dev-kolt": "webpack --mode development --watch --info-verbosity verbose --env.plugin=${plugin}",
      "build-kolt": "webpack --mode production --env.plugin=${plugin}"
    },
    "eslintConfig": {
      "extends": "react-app"
    },
    "browserslist": {
      "production": [
        ">0.2%",
        "not dead",
        "not op_mini all"
      ],
      "development": [
        "last 1 chrome version",
        "last 1 firefox version",
        "last 1 safari version"
      ]
    },
    "devDependencies": {
      "@babel/core": "^7.11.1",
      "@babel/plugin-proposal-class-properties": "^7.10.4",
      "@babel/preset-env": "^7.11.0",
      "@babel/preset-react": "^7.10.4",
      "@types/redux-mock-store": "^1.0.2",
      "@typescript-eslint/eslint-plugin": "^2.29.0",
      "@typescript-eslint/parser": "^2.29.0",
      "babel-eslint": "^10.1.0",
      "babel-loader": "^8.1.0",
      "eslint": "^6.8.0",
      "eslint-config-airbnb": "^18.1.0",
      "eslint-config-airbnb-typescript": "^7.2.1",
      "eslint-config-prettier": "^6.11.0",
      "eslint-config-react-app": "^5.2.1",
      "eslint-import-resolver-typescript": "^2.0.0",
      "eslint-loader": "^4.0.2",
      "eslint-plugin-flowtype": "^4.7.0",
      "eslint-plugin-import": "^2.20.2",
      "eslint-plugin-jsx-a11y": "^6.2.3",
      "eslint-plugin-prettier": "^3.1.3",
      "eslint-plugin-react": "^7.19.0",
      "eslint-plugin-react-hooks": "^3.0.0",
      "jest-environment-jsdom-sixteen": "^1.0.3",
      "ncp": "^2.0.0",
      "prettier": "^2.0.5",
      "prettier-eslint": "^9.0.1",
      "prettier-eslint-cli": "^5.0.0",
      "react-test-renderer": "^16.13.1",
      "redux-mock-store": "^1.5.4",
      "ts-loader": "^8.0.2"
    }
  }

yarn manifest: 
  No manifest

Lockfile: 
  No lockfile
